<?xml version="1.0" encoding="UTF-8"?>
<testsuite name="JsonDatabaseTest" tests="1" skipped="0" failures="0" errors="0" timestamp="2022-11-17T17:13:20" hostname="Kirills-MacBook-Pro.local" time="0.532">
  <properties/>
  <testcase name="start" classname="JsonDatabaseTest" time="0.532"/>
  <system-out><![CDATA[?[1;31m
Start test 1?[0m
Client started!
Sent: {"type":"exit"}
Received: {"response":"OK"}
?[1;31m
Start test 2?[0m
?[1;31m
Start test 3?[0m
Server started!
Client started!
Sent: {"type":"set","value":"Hello world!","key":"1"}
Received: {"response":"OK"}
Client started!
Sent: {"type":"set","key":"person","value":{"name":"Elon Musk","car":{"model":"Tesla Roadster","year":"2018"},"rocket":{"name":"Falcon 9","launches":"87"}}}

Received: {"response":"OK"}
Client started!
Sent: {"type":"get","key":["person","name"]}

Received: {"response":"OK","value":"Elon Musk"}
Client started!
Sent: {"type":"set","key":["person","rocket","launches"],"value":"88"}

Received: {"response":"OK"}
Client started!
Sent: {"type":"get","key":["person"]}

Received: {"response":"OK","value":{"name":"Elon Musk","car":{"model":"Tesla Roadster","year":"2018"},"rocket":{"name":"Falcon 9","launches":"88"}}}
Client started!
Sent: {"type":"delete","key":["person","car","year"]}

Received: {"response":"OK"}
Client started!
Sent: {"type":"get","key":["person"]}

Received: {"response":"OK","value":{"name":"Elon Musk","car":{"model":"Tesla Roadster"},"rocket":{"name":"Falcon 9","launches":"88"}}}
Client started!
Sent: {"type":"exit"}
Received: {"response":"OK"}
]]></system-out>
  <system-err><![CDATA[java.net.BindException: Address already in use
	at java.base/sun.nio.ch.Net.bind0(Native Method)
	at java.base/sun.nio.ch.Net.bind(Net.java:555)
	at java.base/sun.nio.ch.Net.bind(Net.java:544)
	at java.base/sun.nio.ch.NioSocketImpl.bind(NioSocketImpl.java:643)
	at java.base/java.net.ServerSocket.bind(ServerSocket.java:388)
	at java.base/java.net.ServerSocket.<init>(ServerSocket.java:274)
	at java.base/java.net.ServerSocket.<init>(ServerSocket.java:167)
	at server.Main.main(Main.java:26)
	at java.base/jdk.internal.reflect.NativeMethodAccessorImpl.invoke0(Native Method)
	at java.base/jdk.internal.reflect.NativeMethodAccessorImpl.invoke(NativeMethodAccessorImpl.java:77)
	at java.base/jdk.internal.reflect.DelegatingMethodAccessorImpl.invoke(DelegatingMethodAccessorImpl.java:43)
	at java.base/java.lang.reflect.Method.invoke(Method.java:568)
	at org.hyperskill.hstest.testing.execution.MainMethodExecutor.invokeMain(MainMethodExecutor.java:160)
	at org.hyperskill.hstest.testing.execution.MainMethodExecutor.lambda$launch$1(MainMethodExecutor.java:188)
	at java.base/java.util.concurrent.Executors$RunnableAdapter.call(Executors.java:539)
	at java.base/java.util.concurrent.FutureTask.run(FutureTask.java:264)
	at java.base/java.util.concurrent.ThreadPoolExecutor.runWorker(ThreadPoolExecutor.java:1136)
	at java.base/java.util.concurrent.ThreadPoolExecutor$Worker.run(ThreadPoolExecutor.java:635)
	at java.base/java.lang.Thread.run(Thread.java:833)
]]></system-err>
</testsuite>
